app/build/intermediates/manifest_merge_blame_file/debug/manifest-merger-blame-debug-report.txt
1<?xml version="1.0" encoding="utf-8"?>
2<manifest xmlns:android="http://schemas.android.com/apk/res/android"
3    package="hidden.edu"
4    android:versionCode="1"
5    android:versionName="0.1.0" >
6
7    <uses-sdk
8        android:minSdkVersion="22"
8-->src\main\AndroidManifest.xml
9        android:targetSdkVersion="29" />
9-->src\main\AndroidManifest.xml
10    <!-- 需要的权限和功能 <<<<<<<<<<<<<<<<<<<<<<<<<<<<<<<<<<<<<<<<<<<<<<<<<<<<<<<<<<<<< -->
11    <uses-permission android:name="android.permission_group.LOCATION" />
11-->src\main\AndroidManifest.xml:6:5-73
11-->src\main\AndroidManifest.xml:6:22-70
12    <uses-permission android:name="android.permission_group.CAMERA" />
12-->src\main\AndroidManifest.xml:7:5-71
12-->src\main\AndroidManifest.xml:7:22-68
13    <uses-permission android:name="android.permission_group.STORAGE" />
13-->src\main\AndroidManifest.xml:8:5-72
13-->src\main\AndroidManifest.xml:8:22-69
14    <uses-permission android:name="android.permission_group.PHONE" />
14-->src\main\AndroidManifest.xml:9:5-70
14-->src\main\AndroidManifest.xml:9:22-67
15    <uses-permission android:name="android.permission_group.SENSORS" />
15-->src\main\AndroidManifest.xml:10:5-72
15-->src\main\AndroidManifest.xml:10:22-69
16    <uses-permission android:name="android.permission_group.ACTIVITY_RECOGNITION" />
16-->src\main\AndroidManifest.xml:11:5-85
16-->src\main\AndroidManifest.xml:11:22-82
17    <uses-permission android:name="android.permission.ACCESS_NOTIFICATION_POLICY" />
17-->src\main\AndroidManifest.xml:12:5-85
17-->src\main\AndroidManifest.xml:12:22-82
18    <uses-permission android:name="android.permission.ACCESS_COARSE_LOCATION" />
18-->src\main\AndroidManifest.xml:13:5-81
18-->src\main\AndroidManifest.xml:13:22-78
19    <uses-permission android:name="android.permission.ACCESS_NETWORK_STATE" />
19-->src\main\AndroidManifest.xml:14:5-79
19-->src\main\AndroidManifest.xml:14:22-76
20    <uses-permission android:name="android.permission.ACCESS_BACKGROUND_LOCATION" />
20-->src\main\AndroidManifest.xml:15:5-85
20-->src\main\AndroidManifest.xml:15:22-82
21    <uses-permission android:name="android.permission.SYSTEM_ALERT_WINDOW" />
21-->src\main\AndroidManifest.xml:16:5-78
21-->src\main\AndroidManifest.xml:16:22-75
22    <uses-permission android:name="android.permission.WAKE_LOCK" />
22-->src\main\AndroidManifest.xml:17:5-68
22-->src\main\AndroidManifest.xml:17:22-65
23    <uses-permission android:name="android.permission.INTERNET" />
23-->src\main\AndroidManifest.xml:18:5-67
23-->src\main\AndroidManifest.xml:18:22-64
24    <uses-permission android:name="android.permission.READ_PHONE_STATE" />
24-->src\main\AndroidManifest.xml:19:5-75
24-->src\main\AndroidManifest.xml:19:22-72
25    <uses-permission android:name="android.permission.CHANGE_WIFI_STATE" />
25-->src\main\AndroidManifest.xml:20:5-76
25-->src\main\AndroidManifest.xml:20:22-73
26    <uses-permission android:name="android.permission.ACCESS_WIFI_STATE" />
26-->src\main\AndroidManifest.xml:21:5-76
26-->src\main\AndroidManifest.xml:21:22-73
27
28    <uses-feature android:name="android.hardware.camera" />
28-->src\main\AndroidManifest.xml:23:5-60
28-->src\main\AndroidManifest.xml:23:19-57
29    <uses-feature android:name="android.hardware.camera.autofocus" />
29-->src\main\AndroidManifest.xml:24:5-70
29-->src\main\AndroidManifest.xml:24:19-67
30
31    <uses-permission android:name="android.permission.CAMERA" />
31-->[com.king.zxing:zxing-lite:1.1.9-androidx] AndroidManifest.xml:11:5-65
31-->[com.king.zxing:zxing-lite:1.1.9-androidx] AndroidManifest.xml:11:22-62
32    <uses-permission android:name="android.permission.VIBRATE" />
32-->[com.king.zxing:zxing-lite:1.1.9-androidx] AndroidManifest.xml:13:5-66
32-->[com.king.zxing:zxing-lite:1.1.9-androidx] AndroidManifest.xml:13:22-63
33    <uses-permission android:name="android.permission.FLASHLIGHT" />
33-->[com.king.zxing:zxing-lite:1.1.9-androidx] AndroidManifest.xml:14:5-69
33-->[com.king.zxing:zxing-lite:1.1.9-androidx] AndroidManifest.xml:14:22-66
34    <uses-permission android:name="android.permission.WRITE_EXTERNAL_STORAGE" />
34-->[com.king.zxing:zxing-lite:1.1.9-androidx] AndroidManifest.xml:15:5-81
34-->[com.king.zxing:zxing-lite:1.1.9-androidx] AndroidManifest.xml:15:22-78
35    <uses-permission android:name="android.permission.READ_EXTERNAL_STORAGE" />
36    <uses-permission android:name="android.permission.ACCESS_FINE_LOCATION" />
36-->[:Library] AndroidManifest.xml:20:5-79
36-->[:Library] AndroidManifest.xml:20:22-76
37    <uses-permission android:name="android.permission.CALL_PHONE" />
37-->[:Library] AndroidManifest.xml:22:5-69
37-->[:Library] AndroidManifest.xml:22:22-66
38    <uses-permission android:name="android.permission.SEND_SMS" />
38-->[:Library] AndroidManifest.xml:23:5-67
38-->[:Library] AndroidManifest.xml:23:22-64
39
40    <application
40-->src\main\AndroidManifest.xml:26:5-237:19
41        android:name="hidden.edu.application.DemoApplication"
41-->src\main\AndroidManifest.xml:27:9-62
42        android:allowBackup="true"
42-->src\main\AndroidManifest.xml:28:9-35
43        android:appComponentFactory="androidx.core.app.CoreComponentFactory"
43-->[androidx.core:core:1.1.0] AndroidManifest.xml:24:18-86
44        android:debuggable="true"
45        android:fullBackupContent="true"
45-->src\main\AndroidManifest.xml:29:9-41
46        android:icon="@drawable/ic_launcher"
46-->src\main\AndroidManifest.xml:30:9-45
47        android:label="@string/app_name"
47-->src\main\AndroidManifest.xml:31:9-41
48        android:largeHeap="true"
48-->src\main\AndroidManifest.xml:34:9-33
49        android:screenOrientation="fullSensor"
49-->src\main\AndroidManifest.xml:32:9-47
50        android:supportsRtl="true"
50-->src\main\AndroidManifest.xml:33:9-35
51        android:testOnly="true"
52        android:theme="@style/Theme.AppCompat.Light.NoActionBar" >
52-->src\main\AndroidManifest.xml:35:9-65
53        <activity android:name="hidden.edu.demo.DemoThreadPoolActivity" />
53-->src\main\AndroidManifest.xml:37:9-39:50
53-->src\main\AndroidManifest.xml:38:13-66
54
55        <provider
56            android:name="androidx.core.content.FileProvider"
56-->src\main\AndroidManifest.xml:42:13-62
57            android:authorities="hidden.edu.fileprovider"
57-->src\main\AndroidManifest.xml:43:13-64
58            android:exported="false"
58-->src\main\AndroidManifest.xml:44:13-37
59            android:grantUriPermissions="true" >
59-->src\main\AndroidManifest.xml:45:13-47
60            <meta-data
60-->src\main\AndroidManifest.xml:46:13-48:54
61                android:name="android.support.FILE_PROVIDER_PATHS"
61-->src\main\AndroidManifest.xml:47:17-67
62                android:resource="@xml/file_paths" />
62-->src\main\AndroidManifest.xml:48:17-51
63        </provider>
64
65        <activity
65-->src\main\AndroidManifest.xml:51:9-62:20
66            android:name="hidden.edu.activity.StartActivity"
66-->src\main\AndroidManifest.xml:52:13-61
67            android:label="@string/app_name"
67-->src\main\AndroidManifest.xml:53:13-45
68            android:screenOrientation="fullSensor"
68-->src\main\AndroidManifest.xml:54:13-51
69            android:theme="@style/SplashTheme" >
69-->src\main\AndroidManifest.xml:55:13-47
70            <intent-filter>
70-->src\main\AndroidManifest.xml:56:13-61:29
71
72                <!-- 显示在通知中的都要公开 -->
73                <action android:name="android.intent.action.MAIN" />
73-->src\main\AndroidManifest.xml:58:17-69
73-->src\main\AndroidManifest.xml:58:25-66
74                <!-- 用以启动应用!无action不接受intent对象 -->
75                <category android:name="android.intent.category.LAUNCHER" />
75-->src\main\AndroidManifest.xml:60:17-77
75-->src\main\AndroidManifest.xml:60:27-74
76            </intent-filter>
77        </activity>
78        <activity
78-->src\main\AndroidManifest.xml:63:9-72:20
79            android:name="hidden.edu.activity.MainTabActivity"
79-->src\main\AndroidManifest.xml:64:13-63
80            android:label="@string/app_name"
80-->src\main\AndroidManifest.xml:65:13-45
81            android:screenOrientation="portrait" >
81-->src\main\AndroidManifest.xml:66:13-49
82            <intent-filter>
82-->src\main\AndroidManifest.xml:68:13-71:29
83
84                <!-- 主活动,接收大部分intent对象,notification需要! -->
85                <action android:name="android.intent.action.MAIN" />
85-->src\main\AndroidManifest.xml:58:17-69
85-->src\main\AndroidManifest.xml:58:25-66
86            </intent-filter>
87        </activity>
88        <activity
88-->src\main\AndroidManifest.xml:73:9-77:50
89            android:name="hidden.edu.activity.SplashActivity"
89-->src\main\AndroidManifest.xml:74:13-62
90            android:label="@string/app_name"
90-->src\main\AndroidManifest.xml:75:13-45
91            android:screenOrientation="fullSensor"
91-->src\main\AndroidManifest.xml:76:13-51
92            android:theme="@style/SplashTheme" />
92-->src\main\AndroidManifest.xml:77:13-47
93        <activity
93-->src\main\AndroidManifest.xml:78:9-81:56
94            android:name="hidden.edu.activity.AboutActivity"
94-->src\main\AndroidManifest.xml:79:13-61
95            android:screenOrientation="portrait" />
95-->src\main\AndroidManifest.xml:80:13-49
96        <activity
96-->src\main\AndroidManifest.xml:82:9-85:63
97            android:name="hidden.edu.activity.SettingActivity"
97-->src\main\AndroidManifest.xml:83:13-63
98            android:screenOrientation="fullSensor"
98-->src\main\AndroidManifest.xml:84:13-51
99            android:windowSoftInputMode="stateAlwaysHidden" />
99-->src\main\AndroidManifest.xml:85:13-60
100        <activity
100-->src\main\AndroidManifest.xml:86:9-89:63
101            android:name="hidden.edu.activity.UserActivity"
101-->src\main\AndroidManifest.xml:87:13-60
102            android:screenOrientation="fullSensor"
102-->src\main\AndroidManifest.xml:88:13-51
103            android:windowSoftInputMode="stateAlwaysHidden" />
103-->src\main\AndroidManifest.xml:89:13-60
104        <activity
104-->src\main\AndroidManifest.xml:90:9-92:63
105            android:name="hidden.edu.activity.NaviActivity"
105-->src\main\AndroidManifest.xml:90:19-56
106            android:screenOrientation="fullSensor"
106-->src\main\AndroidManifest.xml:91:13-51
107            android:windowSoftInputMode="stateAlwaysHidden" />
107-->src\main\AndroidManifest.xml:92:13-60
108        <activity
108-->src\main\AndroidManifest.xml:93:9-96:63
109            android:name="hidden.edu.activity.PdfViewActivity"
109-->src\main\AndroidManifest.xml:94:13-63
110            android:screenOrientation="fullSensor"
110-->src\main\AndroidManifest.xml:95:13-51
111            android:windowSoftInputMode="stateAlwaysHidden" />
111-->src\main\AndroidManifest.xml:96:13-60
112        <activity
112-->src\main\AndroidManifest.xml:97:9-101:56
113            android:name="hidden.edu.activity.ScanActivity"
113-->src\main\AndroidManifest.xml:98:13-60
114            android:screenOrientation="portrait"
114-->src\main\AndroidManifest.xml:99:13-49
115            android:windowSoftInputMode="stateAlwaysHidden" />
115-->src\main\AndroidManifest.xml:100:13-60
116        <activity
116-->src\main\AndroidManifest.xml:102:9-106:56
117            android:name="hidden.edu.activity.QRCodeActivity"
117-->src\main\AndroidManifest.xml:103:13-62
118            android:screenOrientation="portrait"
118-->src\main\AndroidManifest.xml:104:13-49
119            android:windowSoftInputMode="stateAlwaysHidden" /> <!-- Demo <<<<<<<<<<<<<<<<<<<<<<<<<<<<<<<<<<<<<<<<<<<<<<<<<<<<<<<<<<<<<<< -->
119-->src\main\AndroidManifest.xml:105:13-60
120        <activity
120-->src\main\AndroidManifest.xml:107:9-111:50
121            android:name="hidden.edu.demo.DemoMainActivity"
121-->src\main\AndroidManifest.xml:108:13-60
122            android:screenOrientation="fullSensor"
122-->src\main\AndroidManifest.xml:109:13-51
123            android:windowSoftInputMode="stateAlwaysHidden" />
123-->src\main\AndroidManifest.xml:110:13-60
124        <activity
124-->src\main\AndroidManifest.xml:112:9-116:50
125            android:name="hidden.edu.demo.DemoActivity"
125-->src\main\AndroidManifest.xml:113:13-56
126            android:screenOrientation="fullSensor"
126-->src\main\AndroidManifest.xml:114:13-51
127            android:windowSoftInputMode="stateAlwaysHidden" />
127-->src\main\AndroidManifest.xml:115:13-60
128        <activity
128-->src\main\AndroidManifest.xml:117:9-121:50
129            android:name="hidden.edu.demo.DemoListActivity"
129-->src\main\AndroidManifest.xml:118:13-60
130            android:screenOrientation="fullSensor"
130-->src\main\AndroidManifest.xml:119:13-51
131            android:windowSoftInputMode="stateAlwaysHidden" />
131-->src\main\AndroidManifest.xml:120:13-60
132        <activity
132-->src\main\AndroidManifest.xml:122:9-126:50
133            android:name="hidden.edu.demo.DemoRecyclerActivity"
133-->src\main\AndroidManifest.xml:123:13-64
134            android:screenOrientation="fullSensor"
134-->src\main\AndroidManifest.xml:124:13-51
135            android:windowSoftInputMode="stateAlwaysHidden" />
135-->src\main\AndroidManifest.xml:125:13-60
136        <activity
136-->src\main\AndroidManifest.xml:127:9-131:50
137            android:name="hidden.edu.demo.DemoHttpListActivity"
137-->src\main\AndroidManifest.xml:128:13-64
138            android:screenOrientation="fullSensor"
138-->src\main\AndroidManifest.xml:129:13-51
139            android:windowSoftInputMode="stateAlwaysHidden" />
139-->src\main\AndroidManifest.xml:130:13-60
140        <activity
140-->src\main\AndroidManifest.xml:132:9-136:50
141            android:name="hidden.edu.demo.DemoHttpRecyclerActivity"
141-->src\main\AndroidManifest.xml:133:13-68
142            android:screenOrientation="fullSensor"
142-->src\main\AndroidManifest.xml:134:13-51
143            android:windowSoftInputMode="stateAlwaysHidden" />
143-->src\main\AndroidManifest.xml:135:13-60
144        <activity
144-->src\main\AndroidManifest.xml:137:9-142:50
145            android:name="hidden.edu.demo.DemoFragmentActivity"
145-->src\main\AndroidManifest.xml:138:13-64
146            android:launchMode="singleTop"
146-->src\main\AndroidManifest.xml:139:13-43
147            android:screenOrientation="fullSensor"
147-->src\main\AndroidManifest.xml:140:13-51
148            android:windowSoftInputMode="stateAlwaysHidden" />
148-->src\main\AndroidManifest.xml:141:13-60
149        <activity
149-->src\main\AndroidManifest.xml:143:9-147:50
150            android:name="hidden.edu.demo.DemoTabActivity"
150-->src\main\AndroidManifest.xml:144:13-59
151            android:screenOrientation="fullSensor"
151-->src\main\AndroidManifest.xml:145:13-51
152            android:windowSoftInputMode="stateAlwaysHidden" />
152-->src\main\AndroidManifest.xml:146:13-60
153        <activity
153-->src\main\AndroidManifest.xml:148:9-152:50
154            android:name="hidden.edu.demo.DemoSQLActivity"
154-->src\main\AndroidManifest.xml:149:13-59
155            android:screenOrientation="fullSensor"
155-->src\main\AndroidManifest.xml:150:13-51
156            android:windowSoftInputMode="stateHidden|adjustResize|adjustUnspecified" />
156-->src\main\AndroidManifest.xml:151:13-85
157        <activity
157-->src\main\AndroidManifest.xml:153:9-157:50
158            android:name="hidden.edu.demo.DemoTimeRefresherActivity"
158-->src\main\AndroidManifest.xml:154:13-69
159            android:screenOrientation="fullSensor"
159-->src\main\AndroidManifest.xml:155:13-51
160            android:windowSoftInputMode="stateHidden|adjustResize|adjustUnspecified" />
160-->src\main\AndroidManifest.xml:156:13-85
161        <activity
161-->src\main\AndroidManifest.xml:158:9-162:50
162            android:name="hidden.edu.demo.DemoBroadcastReceiverActivity"
162-->src\main\AndroidManifest.xml:159:13-73
163            android:screenOrientation="fullSensor"
163-->src\main\AndroidManifest.xml:160:13-51
164            android:windowSoftInputMode="stateAlwaysHidden" />
164-->src\main\AndroidManifest.xml:161:13-60
165        <activity
165-->src\main\AndroidManifest.xml:163:9-168:50
166            android:name="hidden.edu.demo.DemoBottomWindow"
166-->src\main\AndroidManifest.xml:164:13-60
167            android:screenOrientation="fullSensor"
167-->src\main\AndroidManifest.xml:165:13-51
168            android:theme="@style/Window"
168-->src\main\AndroidManifest.xml:166:13-42
169            android:windowSoftInputMode="stateAlwaysHidden" /> <!-- Demo >>>>>>>>>>>>>>>>>>>>>>>>>>>>>>>>>>>>>>>>>>>>>>>>>>>>>>>>>>>>>>> -->
169-->src\main\AndroidManifest.xml:167:13-60
170        <!-- ZBLibrary <<<<<<<<<<<<<<<<<<<<<<<<<<<<<<<<<<<<<<<<<<<<<<<<<<<<<<<<<<<<<<< -->
171        <activity
171-->src\main\AndroidManifest.xml:170:9-174:63
172            android:name="zuo.biao.library.ui.SelectPictureActivity"
172-->src\main\AndroidManifest.xml:171:13-69
173            android:screenOrientation="fullSensor"
173-->src\main\AndroidManifest.xml:172:13-51
174            android:theme="@style/WindowCompleteAlpha"
174-->src\main\AndroidManifest.xml:173:13-55
175            android:windowSoftInputMode="stateAlwaysHidden" />
175-->src\main\AndroidManifest.xml:174:13-60
176        <activity
176-->src\main\AndroidManifest.xml:175:9-179:63
177            android:name="zuo.biao.library.ui.CutPictureActivity"
177-->src\main\AndroidManifest.xml:176:13-66
178            android:screenOrientation="fullSensor"
178-->src\main\AndroidManifest.xml:177:13-51
179            android:theme="@style/Window"
179-->src\main\AndroidManifest.xml:178:13-42
180            android:windowSoftInputMode="stateAlwaysHidden" />
180-->src\main\AndroidManifest.xml:179:13-60
181        <activity
181-->src\main\AndroidManifest.xml:180:9-185:56
182            android:name="zuo.biao.library.ui.WebViewActivity"
182-->src\main\AndroidManifest.xml:181:13-63
183            android:launchMode="singleTop"
183-->src\main\AndroidManifest.xml:182:13-43
184            android:screenOrientation="fullSensor"
184-->src\main\AndroidManifest.xml:183:13-51
185            android:windowSoftInputMode="stateHidden|adjustResize|adjustUnspecified" />
185-->src\main\AndroidManifest.xml:184:13-85
186        <activity
186-->src\main\AndroidManifest.xml:186:9-189:86
187            android:name="zuo.biao.library.ui.EditTextInfoActivity"
187-->src\main\AndroidManifest.xml:187:13-68
188            android:screenOrientation="fullSensor"
188-->src\main\AndroidManifest.xml:188:13-51
189            android:windowSoftInputMode="stateVisible|adjustPan|adjustUnspecified" />
189-->src\main\AndroidManifest.xml:189:13-83
190        <activity
190-->src\main\AndroidManifest.xml:190:9-193:57
191            android:name="zuo.biao.library.ui.ServerSettingActivity"
191-->src\main\AndroidManifest.xml:191:13-69
192            android:screenOrientation="fullSensor"
192-->src\main\AndroidManifest.xml:192:13-51
193            android:windowSoftInputMode="stateHidden" />
193-->src\main\AndroidManifest.xml:193:13-54
194        <activity
194-->src\main\AndroidManifest.xml:194:9-198:63
195            android:name="zuo.biao.library.ui.TopMenuWindow"
195-->src\main\AndroidManifest.xml:195:13-61
196            android:screenOrientation="fullSensor"
196-->src\main\AndroidManifest.xml:196:13-51
197            android:theme="@style/Window"
197-->src\main\AndroidManifest.xml:197:13-42
198            android:windowSoftInputMode="stateAlwaysHidden" />
198-->src\main\AndroidManifest.xml:198:13-60
199        <activity
199-->src\main\AndroidManifest.xml:199:9-203:63
200            android:name="zuo.biao.library.ui.BottomMenuWindow"
200-->src\main\AndroidManifest.xml:200:13-64
201            android:screenOrientation="fullSensor"
201-->src\main\AndroidManifest.xml:201:13-51
202            android:theme="@style/Window"
202-->src\main\AndroidManifest.xml:202:13-42
203            android:windowSoftInputMode="stateAlwaysHidden" />
203-->src\main\AndroidManifest.xml:203:13-60
204        <activity
204-->src\main\AndroidManifest.xml:204:9-208:89
205            android:name="zuo.biao.library.ui.EditTextInfoWindow"
205-->src\main\AndroidManifest.xml:205:13-66
206            android:screenOrientation="fullSensor"
206-->src\main\AndroidManifest.xml:206:13-51
207            android:theme="@style/Window"
207-->src\main\AndroidManifest.xml:207:13-42
208            android:windowSoftInputMode="stateVisible|adjustResize|adjustUnspecified" />
208-->src\main\AndroidManifest.xml:208:13-86
209        <activity
209-->src\main\AndroidManifest.xml:209:9-213:63
210            android:name="zuo.biao.library.ui.PlacePickerWindow"
210-->src\main\AndroidManifest.xml:210:13-65
211            android:screenOrientation="fullSensor"
211-->src\main\AndroidManifest.xml:211:13-51
212            android:theme="@style/Window"
212-->src\main\AndroidManifest.xml:212:13-42
213            android:windowSoftInputMode="stateAlwaysHidden" />
213-->src\main\AndroidManifest.xml:213:13-60
214        <activity
214-->src\main\AndroidManifest.xml:214:9-218:63
215            android:name="zuo.biao.library.ui.DatePickerWindow"
215-->src\main\AndroidManifest.xml:215:13-64
216            android:screenOrientation="fullSensor"
216-->src\main\AndroidManifest.xml:216:13-51
217            android:theme="@style/Window"
217-->src\main\AndroidManifest.xml:217:13-42
218            android:windowSoftInputMode="stateAlwaysHidden" />
218-->src\main\AndroidManifest.xml:218:13-60
219        <activity
219-->src\main\AndroidManifest.xml:219:9-223:63
220            android:name="zuo.biao.library.ui.TimePickerWindow"
220-->src\main\AndroidManifest.xml:220:13-64
221            android:screenOrientation="fullSensor"
221-->src\main\AndroidManifest.xml:221:13-51
222            android:theme="@style/Window"
222-->src\main\AndroidManifest.xml:222:13-42
223            android:windowSoftInputMode="stateAlwaysHidden" />
223-->src\main\AndroidManifest.xml:223:13-60
224
225        <service android:name="com.amap.api.location.APSService" />
225-->src\main\AndroidManifest.xml:225:9-68
225-->src\main\AndroidManifest.xml:225:18-65
226
227        <meta-data
227-->src\main\AndroidManifest.xml:227:9-229:64
228            android:name="com.amap.api.v2.apikey"
228-->src\main\AndroidManifest.xml:228:13-50
229            android:value="b9813319913bb8b26063e2602557f2a4" />
229-->src\main\AndroidManifest.xml:229:13-61
230
231        <activity
231-->src\main\AndroidManifest.xml:232:9-234:77
232            android:name="com.amap.api.navi.AmapRouteActivity"
232-->src\main\AndroidManifest.xml:232:19-69
233            android:configChanges="orientation|keyboardHidden|screenSize"
233-->src\main\AndroidManifest.xml:234:13-74
234            android:theme="@android:style/Theme.NoTitleBar" />
234-->src\main\AndroidManifest.xml:233:13-60
235        <activity
235-->[pub.devrel:easypermissions:3.0.0] AndroidManifest.xml:12:9-16:66
236            android:name="pub.devrel.easypermissions.AppSettingsDialogHolderActivity"
236-->[pub.devrel:easypermissions:3.0.0] AndroidManifest.xml:13:13-86
237            android:exported="false"
237-->[pub.devrel:easypermissions:3.0.0] AndroidManifest.xml:14:13-37
238            android:label=""
238-->[pub.devrel:easypermissions:3.0.0] AndroidManifest.xml:15:13-29
239            android:theme="@style/EasyPermissions.Transparent" /> <!-- 更好的适配全面屏 >>>>>>>>>>>>>>>>>>>>>>>>>>>>>>>>>>>>>>>>>>>>>>> -->
239-->[pub.devrel:easypermissions:3.0.0] AndroidManifest.xml:16:13-63
240        <meta-data
240-->[:Library] AndroidManifest.xml:30:9-32:35
241            android:name="android.max_aspect"
241-->[:Library] AndroidManifest.xml:31:13-46
242            android:value="2.1" />
242-->[:Library] AndroidManifest.xml:32:13-32
243
244        <activity android:name="zuo.biao.library.base.BaseHttpRecyclerActivity" />
244-->[:Library] AndroidManifest.xml:87:9-83
244-->[:Library] AndroidManifest.xml:87:19-80
245    </application>
246
247</manifest>